#! /usr/bin/vvp
:ivl_version "0.9.7 " "(v0_9_7)";
:vpi_time_precision + 0;
:vpi_module "system";
:vpi_module "v2005_math";
:vpi_module "va_math";
S_0x19eeb20 .scope module, "PISO" "PISO" 2 30;
 .timescale 0 0;
v0x1a238f0_0 .net "_load", 0 0, v0x1a23850_0; 1 drivers
v0x1a239c0_0 .net "clock", 0 0, C4<z>; 0 drivers
v0x1a23a70_0 .var/i "i", 31 0;
v0x1a23af0_0 .var "load", 0 0;
v0x1a23ba0_0 .net "message", 7 0, C4<zzzzzzzz>; 0 drivers
v0x1a23c20_0 .net "serialIn", 0 0, C4<0>; 1 drivers
v0x1a23d00_0 .var "serialOut", 0 0;
v0x1a23da0_0 .var "tempMessage", 7 0;
S_0x1a125d0 .scope module, "counter" "counter4Bit" 2 41, 2 3, S_0x19eeb20;
 .timescale 0 0;
v0x1a126c0_0 .alias "clock", 0 0, v0x1a239c0_0;
v0x1a237b0_0 .var/i "i", 31 0;
v0x1a23850_0 .var "isItEight", 0 0;
E_0x19eeaf0 .event posedge, v0x1a126c0_0;
    .scope S_0x1a125d0;
T_0 ;
    %set/v v0x1a237b0_0, 0, 32;
    %end;
    .thread T_0;
    .scope S_0x1a125d0;
T_1 ;
    %wait E_0x19eeaf0;
    %load/v 8, v0x1a237b0_0, 32;
    %mov 40, 39, 1;
    %addi 8, 1, 33;
    %set/v v0x1a237b0_0, 8, 32;
    %load/v 8, v0x1a237b0_0, 32;
    %cmpi/u 8, 8, 32;
    %jmp/0xz  T_1.0, 4;
    %set/v v0x1a23850_0, 1, 1;
    %jmp T_1.1;
T_1.0 ;
    %load/v 8, v0x1a237b0_0, 32;
    %cmpi/u 8, 9, 32;
    %jmp/0xz  T_1.2, 4;
    %set/v v0x1a23850_0, 0, 1;
    %set/v v0x1a237b0_0, 0, 32;
T_1.2 ;
T_1.1 ;
    %jmp T_1;
    .thread T_1;
    .scope S_0x19eeb20;
T_2 ;
    %wait E_0x19eeaf0;
    %load/v 8, v0x1a238f0_0, 1;
    %inv 8, 1;
    %set/v v0x1a23af0_0, 8, 1;
    %load/v 8, v0x1a23af0_0, 1;
    %mov 9, 0, 1;
    %cmpi/u 8, 0, 2;
    %jmp/0xz  T_2.0, 4;
    %load/v 8, v0x1a23ba0_0, 8;
    %set/v v0x1a23da0_0, 8, 8;
T_2.0 ;
    %load/v 8, v0x1a23af0_0, 1;
    %mov 9, 0, 2;
    %cmpi/u 8, 1, 3;
    %jmp/0xz  T_2.2, 4;
    %load/v 8, v0x1a23da0_0, 1; Only need 1 of 8 bits
; Save base=8 wid=1 in lookaside.
    %set/v v0x1a23d00_0, 8, 1;
    %movi 8, 1, 32;
    %set/v v0x1a23a70_0, 8, 32;
T_2.4 ;
    %load/v 8, v0x1a23a70_0, 32;
   %cmpi/s 8, 7, 32;
    %jmp/0xz T_2.5, 5;
    %ix/getv/s 1, v0x1a23a70_0;
    %jmp/1 T_2.6, 4;
    %load/x1p 8, v0x1a23da0_0, 1;
    %jmp T_2.7;
T_2.6 ;
    %mov 8, 2, 1;
T_2.7 ;
; Save base=8 wid=1 in lookaside.
    %load/v 9, v0x1a23a70_0, 32;
    %subi 9, 1, 32;
    %ix/get/s 0, 9, 32;
    %jmp/1 t_0, 4;
    %set/x0 v0x1a23da0_0, 8, 1;
t_0 ;
    %ix/load 0, 1, 0;
    %load/vp0/s 8, v0x1a23a70_0, 32;
    %set/v v0x1a23a70_0, 8, 32;
    %jmp T_2.4;
T_2.5 ;
    %load/v 8, v0x1a23c20_0, 1;
    %ix/load 0, 7, 0;
    %set/x0 v0x1a23da0_0, 8, 1;
T_2.2 ;
    %jmp T_2;
    .thread T_2;
# The file index is used to find the file name in the following table.
:file_names 3;
    "N/A";
    "<interactive>";
    "Encoder.v";
