#! /usr/bin/vvp
:ivl_version "10.2 (stable)" "(v10_2)";
:ivl_delay_selection "TYPICAL";
:vpi_time_precision + 0;
:vpi_module "system";
:vpi_module "vhdl_sys";
:vpi_module "v2005_math";
:vpi_module "va_math";
S_0x5579d1ff8130 .scope module, "script" "script" 2 3;
 .timescale 0 0;
v0x5579d1ff82b0_0 .var "addr", 31 0;
v0x5579d20558e0_0 .var "command", 40 1;
v0x5579d20559c0_0 .var "data", 31 0;
v0x5579d2055a80_0 .var/i "file", 31 0;
v0x5579d2055b60_0 .var/i "file2", 31 0;
v0x5579d2055c90_0 .var/i "r", 31 0;
    .scope S_0x5579d1ff8130;
T_0 ;
    %vpi_func 2 9 "$fopen" 32, "script.txt", "r" {0 0 0};
    %store/vec4 v0x5579d2055a80_0, 0, 32;
    %vpi_func 2 10 "$fopen" 32, "script_out.txt", "w" {0 0 0};
    %store/vec4 v0x5579d2055b60_0, 0, 32;
T_0.0 ;
    %vpi_func 2 12 "$feof" 32, v0x5579d2055a80_0 {0 0 0};
    %nor/r;
    %flag_set/vec4 8;
    %jmp/0xz T_0.1, 8;
    %vpi_func 2 14 "$fscanf" 32, v0x5579d2055a80_0, " %s %h %h \012", v0x5579d20558e0_0, v0x5579d1ff82b0_0, v0x5579d20559c0_0 {0 0 0};
    %store/vec4 v0x5579d2055c90_0, 0, 32;
    %load/vec4 v0x5579d20558e0_0;
    %dup/vec4;
    %pushi/vec4 7497057, 0, 32; draw_string_vec4
    %pushi/vec4 100, 0, 8; draw_string_vec4
    %concat/vec4; draw_string_vec4
    %cmp/u;
    %jmp/1 T_0.2, 6;
    %dup/vec4;
    %pushi/vec4 2003986804, 0, 32; draw_string_vec4
    %pushi/vec4 101, 0, 8; draw_string_vec4
    %concat/vec4; draw_string_vec4
    %cmp/u;
    %jmp/1 T_0.3, 6;
    %vpi_call 2 27 "$display", "Unknown command '%0s'", v0x5579d20558e0_0 {0 0 0};
    %jmp T_0.5;
T_0.2 ;
    %vpi_call 2 18 "$display", "READ mem[%h], expect = %h", v0x5579d1ff82b0_0, v0x5579d20559c0_0 {0 0 0};
    %vpi_call 2 19 "$fwrite", v0x5579d2055b60_0, "READ mem[%h], expect = %h \012", v0x5579d1ff82b0_0, v0x5579d20559c0_0 {0 0 0};
    %jmp T_0.5;
T_0.3 ;
    %vpi_call 2 23 "$display", "WRITE mem[%h] = %h", v0x5579d1ff82b0_0, v0x5579d20559c0_0 {0 0 0};
    %vpi_call 2 24 "$fwrite", v0x5579d2055b60_0, "WRITE mem[%h] = %h \012", v0x5579d1ff82b0_0, v0x5579d20559c0_0 {0 0 0};
    %jmp T_0.5;
T_0.5 ;
    %pop/vec4 1;
    %jmp T_0.0;
T_0.1 ;
    %vpi_call 2 31 "$fwrite", v0x5579d2055b60_0, "%c", 32'b11111111111111111111111111111111 {0 0 0};
    %vpi_call 2 32 "$fclose", v0x5579d2055a80_0 {0 0 0};
    %vpi_call 2 33 "$fclose", v0x5579d2055b60_0 {0 0 0};
    %end;
    .thread T_0;
# The file index is used to find the file name in the following table.
:file_names 3;
    "N/A";
    "<interactive>";
    "1.v";
