#! /usr/bin/vvp
:ivl_version "0.9.7 " "(v0_9_7)";
:vpi_time_precision + 0;
:vpi_module "system";
:vpi_module "v2005_math";
:vpi_module "va_math";
S_0x20732e0 .scope module, "SIPO" "SIPO" 2 108;
 .timescale 0 0;
L_0x20b7d60 .functor XOR 1, v0x20b4950_0, L_0x20b8730, C4<0>, C4<0>;
L_0x20ba110 .functor XOR 1, v0x20b4950_0, L_0x20b9c10, C4<0>, C4<0>;
L_0x20ba3a0 .functor XOR 1, v0x20b4950_0, L_0x20ba030, C4<0>, C4<0>;
L_0x20b7e10 .functor XOR 1, v0x20b4950_0, L_0x20ba2b0, C4<0>, C4<0>;
L_0x20ba700 .functor XOR 1, v0x20b4950_0, L_0x20ba660, C4<0>, C4<0>;
L_0x20ba8a0 .functor XOR 1, v0x20b4950_0, L_0x20ba800, C4<0>, C4<0>;
L_0x20baaf0 .functor XOR 1, v0x20b4950_0, L_0x20baa50, C4<0>, C4<0>;
L_0x20bad50 .functor XOR 1, v0x20b4950_0, L_0x20bacb0, C4<0>, C4<0>;
v0x20b6420_0 .net *"_s49", 0 0, L_0x20b8730; 1 drivers
v0x20b64e0_0 .net *"_s50", 0 0, L_0x20b7d60; 1 drivers
v0x20b6580_0 .net *"_s55", 0 0, L_0x20b9c10; 1 drivers
v0x20b6620_0 .net *"_s56", 0 0, L_0x20ba110; 1 drivers
v0x20b66d0_0 .net *"_s61", 0 0, L_0x20ba030; 1 drivers
v0x20b6770_0 .net *"_s62", 0 0, L_0x20ba3a0; 1 drivers
v0x20b6810_0 .net *"_s67", 0 0, L_0x20ba2b0; 1 drivers
v0x20b68b0_0 .net *"_s68", 0 0, L_0x20b7e10; 1 drivers
v0x20b6950_0 .net *"_s73", 0 0, L_0x20ba660; 1 drivers
v0x20b69f0_0 .net *"_s74", 0 0, L_0x20ba700; 1 drivers
v0x20b6a90_0 .net *"_s79", 0 0, L_0x20ba800; 1 drivers
v0x20b6b30_0 .net *"_s80", 0 0, L_0x20ba8a0; 1 drivers
v0x20b6bd0_0 .net *"_s85", 0 0, L_0x20baa50; 1 drivers
v0x20b6c70_0 .net *"_s86", 0 0, L_0x20baaf0; 1 drivers
v0x20b6d90_0 .net *"_s91", 0 0, L_0x20bacb0; 1 drivers
v0x20b6e30_0 .net *"_s92", 0 0, L_0x20bad50; 1 drivers
v0x20b6cf0_0 .net "clock", 0 0, C4<z>; 0 drivers
v0x20b6f60_0 .net "isEight", 0 0, v0x20b4950_0; 1 drivers
RS_0x7f2906b0ad68/0/0 .resolv tri, L_0x20b9b70, L_0x20b9f40, L_0x20ba210, L_0x20ba530;
RS_0x7f2906b0ad68/0/4 .resolv tri, L_0x20ba760, L_0x20ba9b0, L_0x20bac10, L_0x20baf40;
RS_0x7f2906b0ad68 .resolv tri, RS_0x7f2906b0ad68/0/0, RS_0x7f2906b0ad68/0/4, C4<zzzzzzzz>, C4<zzzzzzzz>;
v0x20b6eb0_0 .net8 "parallelOut", 7 0, RS_0x7f2906b0ad68; 8 drivers
RS_0x7f2906b0ad98/0/0 .resolv tri, L_0x20b7100, L_0x20b7550, L_0x20b7820, L_0x20b7a60;
RS_0x7f2906b0ad98/0/4 .resolv tri, L_0x20b7e70, L_0x20b80d0, L_0x20b8470, L_0x20b8660;
RS_0x7f2906b0ad98 .resolv tri, RS_0x7f2906b0ad98/0/0, RS_0x7f2906b0ad98/0/4, C4<zzzzzzzz>, C4<zzzzzzzz>;
v0x20b7080_0 .net8 "paralleloutTemp", 7 0, RS_0x7f2906b0ad98; 8 drivers
v0x20b7000_0 .net "serialIn", 0 0, C4<z>; 0 drivers
RS_0x7f2906b0adc8/0/0 .resolv tri, L_0x20b7380, L_0x20b7620, L_0x20b78c0, L_0x20b7b30;
RS_0x7f2906b0adc8/0/4 .resolv tri, L_0x20b7f10, L_0x20b8230, L_0x20b8510, L_0x20b85b0;
RS_0x7f2906b0adc8 .resolv tri, RS_0x7f2906b0adc8/0/0, RS_0x7f2906b0adc8/0/4, C4<zzzzzzzz>, C4<zzzzzzzz>;
v0x20b71e0_0 .net8 "temp", 7 0, RS_0x7f2906b0adc8; 8 drivers
L_0x20b7100 .part/pv v0x20b6370_0, 7, 1, 8;
L_0x20b7380 .part/pv v0x20b6190_0, 0, 1, 8;
L_0x20b7480 .part RS_0x7f2906b0ad98, 7, 1;
L_0x20b7550 .part/pv v0x20b5ff0_0, 6, 1, 8;
L_0x20b7620 .part/pv v0x20b5e10_0, 1, 1, 8;
L_0x20b76c0 .part RS_0x7f2906b0ad98, 6, 1;
L_0x20b7820 .part/pv v0x20b5c70_0, 5, 1, 8;
L_0x20b78c0 .part/pv v0x20b5a90_0, 2, 1, 8;
L_0x20b7990 .part RS_0x7f2906b0ad98, 5, 1;
L_0x20b7a60 .part/pv v0x20b58f0_0, 4, 1, 8;
L_0x20b7b30 .part/pv v0x20b5770_0, 3, 1, 8;
L_0x20b7c90 .part RS_0x7f2906b0ad98, 4, 1;
L_0x20b7e70 .part/pv v0x20b55d0_0, 3, 1, 8;
L_0x20b7f10 .part/pv v0x20b53c0_0, 4, 1, 8;
L_0x20b8030 .part RS_0x7f2906b0ad98, 3, 1;
L_0x20b80d0 .part/pv v0x20b5220_0, 2, 1, 8;
L_0x20b8230 .part/pv v0x20b50a0_0, 5, 1, 8;
L_0x20b8300 .part RS_0x7f2906b0ad98, 2, 1;
L_0x20b8470 .part/pv v0x20b4f30_0, 1, 1, 8;
L_0x20b8510 .part/pv v0x20b4db0_0, 6, 1, 8;
L_0x20b83d0 .part RS_0x7f2906b0ad98, 1, 1;
L_0x20b8660 .part/pv v0x20b4c40_0, 0, 1, 8;
L_0x20b85b0 .part/pv v0x20b4ac0_0, 7, 1, 8;
L_0x20b9b70 .part/pv L_0x20b7d60, 0, 1, 8;
L_0x20b8730 .part RS_0x7f2906b0ad98, 0, 1;
L_0x20b9f40 .part/pv L_0x20ba110, 1, 1, 8;
L_0x20b9c10 .part RS_0x7f2906b0ad98, 1, 1;
L_0x20ba210 .part/pv L_0x20ba3a0, 2, 1, 8;
L_0x20ba030 .part RS_0x7f2906b0ad98, 2, 1;
L_0x20ba530 .part/pv L_0x20b7e10, 3, 1, 8;
L_0x20ba2b0 .part RS_0x7f2906b0ad98, 3, 1;
L_0x20ba760 .part/pv L_0x20ba700, 4, 1, 8;
L_0x20ba660 .part RS_0x7f2906b0ad98, 4, 1;
L_0x20ba9b0 .part/pv L_0x20ba8a0, 5, 1, 8;
L_0x20ba800 .part RS_0x7f2906b0ad98, 5, 1;
L_0x20bac10 .part/pv L_0x20baaf0, 6, 1, 8;
L_0x20baa50 .part RS_0x7f2906b0ad98, 6, 1;
L_0x20baf40 .part/pv L_0x20bad50, 7, 1, 8;
L_0x20bacb0 .part RS_0x7f2906b0ad98, 7, 1;
S_0x20b60a0 .scope module, "Dff7" "DFlipFlop" 2 117, 2 2, S_0x20732e0;
 .timescale 0 0;
v0x20b6190_0 .var "_q", 0 0;
v0x20b6250_0 .alias "clock", 0 0, v0x20b6cf0_0;
v0x20b62d0_0 .alias "d", 0 0, v0x20b7000_0;
v0x20b6370_0 .var "q", 0 0;
S_0x20b5d20 .scope module, "Dff6" "DFlipFlop" 2 118, 2 2, S_0x20732e0;
 .timescale 0 0;
v0x20b5e10_0 .var "_q", 0 0;
v0x20b5ed0_0 .alias "clock", 0 0, v0x20b6cf0_0;
v0x20b5f50_0 .net "d", 0 0, L_0x20b7480; 1 drivers
v0x20b5ff0_0 .var "q", 0 0;
S_0x20b59a0 .scope module, "Dff5" "DFlipFlop" 2 119, 2 2, S_0x20732e0;
 .timescale 0 0;
v0x20b5a90_0 .var "_q", 0 0;
v0x20b5b50_0 .alias "clock", 0 0, v0x20b6cf0_0;
v0x20b5bd0_0 .net "d", 0 0, L_0x20b76c0; 1 drivers
v0x20b5c70_0 .var "q", 0 0;
S_0x20b5680 .scope module, "Dff4" "DFlipFlop" 2 120, 2 2, S_0x20732e0;
 .timescale 0 0;
v0x20b5770_0 .var "_q", 0 0;
v0x20b57f0_0 .alias "clock", 0 0, v0x20b6cf0_0;
v0x20b5870_0 .net "d", 0 0, L_0x20b7990; 1 drivers
v0x20b58f0_0 .var "q", 0 0;
S_0x20b52d0 .scope module, "Dff3" "DFlipFlop" 2 121, 2 2, S_0x20732e0;
 .timescale 0 0;
v0x20b53c0_0 .var "_q", 0 0;
v0x20b5440_0 .alias "clock", 0 0, v0x20b6cf0_0;
v0x20b47a0_0 .net "d", 0 0, L_0x20b7c90; 1 drivers
v0x20b55d0_0 .var "q", 0 0;
S_0x20b4fb0 .scope module, "Dff2" "DFlipFlop" 2 122, 2 2, S_0x20732e0;
 .timescale 0 0;
v0x20b50a0_0 .var "_q", 0 0;
v0x20b5120_0 .alias "clock", 0 0, v0x20b6cf0_0;
v0x20b51a0_0 .net "d", 0 0, L_0x20b8030; 1 drivers
v0x20b5220_0 .var "q", 0 0;
S_0x20b4cc0 .scope module, "Dff1" "DFlipFlop" 2 123, 2 2, S_0x20732e0;
 .timescale 0 0;
v0x20b4db0_0 .var "_q", 0 0;
v0x20b4e30_0 .alias "clock", 0 0, v0x20b6cf0_0;
v0x20b4eb0_0 .net "d", 0 0, L_0x20b8300; 1 drivers
v0x20b4f30_0 .var "q", 0 0;
S_0x20b49d0 .scope module, "Dff0" "DFlipFlop" 2 124, 2 2, S_0x20732e0;
 .timescale 0 0;
v0x20b4ac0_0 .var "_q", 0 0;
v0x20b4b40_0 .alias "clock", 0 0, v0x20b6cf0_0;
v0x20b4bc0_0 .net "d", 0 0, L_0x20b83d0; 1 drivers
v0x20b4c40_0 .var "q", 0 0;
S_0x20744a0 .scope module, "counter" "fourBitCounter" 2 126, 2 75, S_0x20732e0;
 .timescale 0 0;
L_0x20b41a0 .functor AND 1, v0x20b3330_0, v0x20b2cc0_0, C4<1>, C4<1>;
L_0x20b8900 .functor AND 1, L_0x20b41a0, v0x20b2690_0, C4<1>, C4<1>;
L_0x20b8aa0 .functor AND 1, v0x20b2cc0_0, v0x20b2690_0, C4<1>, C4<1>;
L_0x20b8b50 .functor AND 1, v0x20b2cc0_0, v0x20b2690_0, C4<1>, C4<1>;
L_0x20b8d20 .functor BUFZ 1, v0x20b2690_0, C4<0>, C4<0>, C4<0>;
L_0x20b8d80 .functor BUFZ 1, v0x20b2690_0, C4<0>, C4<0>, C4<0>;
L_0x20b8e20 .functor NOT 1, v0x20b3950_0, C4<0>, C4<0>, C4<0>;
v0x20b3ae0_0 .net "Ja", 0 0, L_0x20b8900; 1 drivers
v0x20b3b80_0 .net "Jb", 0 0, L_0x20b8aa0; 1 drivers
v0x20b3c00_0 .net "Jc", 0 0, L_0x20b8d20; 1 drivers
v0x20b3cb0_0 .net "Jd", 0 0, L_0x20b8e20; 1 drivers
v0x20b3d90_0 .net "Ka", 0 0, C4<1>; 1 drivers
v0x20b3e40_0 .net "Kb", 0 0, L_0x20b8b50; 1 drivers
v0x20b3ec0_0 .net "Kc", 0 0, L_0x20b8d80; 1 drivers
v0x20b3f70_0 .net "Kd", 0 0, C4<1>; 1 drivers
v0x20b4070_0 .net "_a", 0 0, v0x20b35b0_0; 1 drivers
v0x20b4120_0 .net "_b", 0 0, v0x20b2f40_0; 1 drivers
v0x20b4230_0 .net "_c", 0 0, v0x20b2910_0; 1 drivers
v0x20b42e0_0 .net "_d", 0 0, v0x207e990_0; 1 drivers
v0x20b4400_0 .net *"_s0", 0 0, L_0x20b41a0; 1 drivers
v0x20b4480_0 .net "a", 0 0, v0x20b3950_0; 1 drivers
v0x20b45b0_0 .net "b", 0 0, v0x20b3330_0; 1 drivers
v0x20b4660_0 .net "c", 0 0, v0x20b2cc0_0; 1 drivers
v0x20b4500_0 .alias "clock", 0 0, v0x20b6cf0_0;
v0x20b4830_0 .net "d", 0 0, v0x20b2690_0; 1 drivers
v0x20b4950_0 .var "isItEight", 0 0;
S_0x20b34c0 .scope module, "JKffa" "JKFlipFlop" 2 93, 2 26, S_0x20744a0;
 .timescale 0 0;
L_0x20b9050 .functor BUFZ 1, C4<1>, C4<0>, C4<0>, C4<0>;
L_0x20b91f0 .functor BUFZ 1, L_0x20b8900, C4<0>, C4<0>, C4<0>;
v0x20b35b0_0 .var "_q", 0 0;
v0x20b3670_0 .net *"_s3", 0 0, L_0x20b9050; 1 drivers
v0x20b3710_0 .net *"_s7", 0 0, L_0x20b91f0; 1 drivers
v0x20b37b0_0 .alias "clock", 0 0, v0x20b6cf0_0;
v0x20b3830_0 .alias "j", 0 0, v0x20b3ae0_0;
v0x20b38b0_0 .alias "k", 0 0, v0x20b3d90_0;
v0x20b3950_0 .var "q", 0 0;
RS_0x7f2906b0a558 .resolv tri, L_0x20b8fb0, L_0x20b9100, C4<zz>, C4<zz>;
v0x20b39f0_0 .net8 "temp", 1 0, RS_0x7f2906b0a558; 2 drivers
L_0x20b8fb0 .part/pv L_0x20b9050, 0, 1, 2;
L_0x20b9100 .part/pv L_0x20b91f0, 1, 1, 2;
S_0x20b2e50 .scope module, "JKffb" "JKFlipFlop" 2 94, 2 26, S_0x20744a0;
 .timescale 0 0;
L_0x20b9340 .functor BUFZ 1, L_0x20b8b50, C4<0>, C4<0>, C4<0>;
L_0x20b94e0 .functor BUFZ 1, L_0x20b8aa0, C4<0>, C4<0>, C4<0>;
v0x20b2f40_0 .var "_q", 0 0;
v0x20b3000_0 .net *"_s3", 0 0, L_0x20b9340; 1 drivers
v0x20b30a0_0 .net *"_s7", 0 0, L_0x20b94e0; 1 drivers
v0x20b3140_0 .alias "clock", 0 0, v0x20b6cf0_0;
v0x20b3210_0 .alias "j", 0 0, v0x20b3b80_0;
v0x20b3290_0 .alias "k", 0 0, v0x20b3e40_0;
v0x20b3330_0 .var "q", 0 0;
RS_0x7f2906b0a408 .resolv tri, L_0x20b92a0, L_0x20b93f0, C4<zz>, C4<zz>;
v0x20b33d0_0 .net8 "temp", 1 0, RS_0x7f2906b0a408; 2 drivers
L_0x20b92a0 .part/pv L_0x20b9340, 0, 1, 2;
L_0x20b93f0 .part/pv L_0x20b94e0, 1, 1, 2;
S_0x20b2820 .scope module, "JKffc" "JKFlipFlop" 2 95, 2 26, S_0x20744a0;
 .timescale 0 0;
L_0x20b9630 .functor BUFZ 1, L_0x20b8d80, C4<0>, C4<0>, C4<0>;
L_0x20b97d0 .functor BUFZ 1, L_0x20b8d20, C4<0>, C4<0>, C4<0>;
v0x20b2910_0 .var "_q", 0 0;
v0x20b29d0_0 .net *"_s3", 0 0, L_0x20b9630; 1 drivers
v0x20b2a70_0 .net *"_s7", 0 0, L_0x20b97d0; 1 drivers
v0x20b2b10_0 .alias "clock", 0 0, v0x20b6cf0_0;
v0x20b2bc0_0 .alias "j", 0 0, v0x20b3c00_0;
v0x20b2c40_0 .alias "k", 0 0, v0x20b3ec0_0;
v0x20b2cc0_0 .var "q", 0 0;
RS_0x7f2906b0a2b8 .resolv tri, L_0x20b9590, L_0x20b96e0, C4<zz>, C4<zz>;
v0x20b2d60_0 .net8 "temp", 1 0, RS_0x7f2906b0a2b8; 2 drivers
L_0x20b9590 .part/pv L_0x20b9630, 0, 1, 2;
L_0x20b96e0 .part/pv L_0x20b97d0, 1, 1, 2;
S_0x207ab60 .scope module, "JKffd" "JKFlipFlop" 2 96, 2 26, S_0x20744a0;
 .timescale 0 0;
L_0x20b9920 .functor BUFZ 1, C4<1>, C4<0>, C4<0>, C4<0>;
L_0x20b9ac0 .functor BUFZ 1, L_0x20b8e20, C4<0>, C4<0>, C4<0>;
v0x207e990_0 .var "_q", 0 0;
v0x20b2320_0 .net *"_s3", 0 0, L_0x20b9920; 1 drivers
v0x20b23c0_0 .net *"_s7", 0 0, L_0x20b9ac0; 1 drivers
v0x20b2460_0 .alias "clock", 0 0, v0x20b6cf0_0;
v0x20b2510_0 .alias "j", 0 0, v0x20b3cb0_0;
v0x20b25b0_0 .alias "k", 0 0, v0x20b3f70_0;
v0x20b2690_0 .var "q", 0 0;
RS_0x7f2906b0a168 .resolv tri, L_0x20b9880, L_0x20b99d0, C4<zz>, C4<zz>;
v0x20b2730_0 .net8 "temp", 1 0, RS_0x7f2906b0a168; 2 drivers
E_0x2073a40 .event posedge, v0x20b2460_0;
L_0x20b9880 .part/pv L_0x20b9920, 0, 1, 2;
L_0x20b99d0 .part/pv L_0x20b9ac0, 1, 1, 2;
    .scope S_0x20b60a0;
T_0 ;
    %wait E_0x2073a40;
    %load/v 8, v0x20b62d0_0, 1;
    %mov 9, 0, 1;
    %cmpi/u 8, 0, 2;
    %jmp/0xz  T_0.0, 4;
    %ix/load 0, 1, 0;
    %assign/v0 v0x20b6370_0, 0, 0;
    %ix/load 0, 1, 0;
    %assign/v0 v0x20b6190_0, 0, 1;
    %jmp T_0.1;
T_0.0 ;
    %ix/load 0, 1, 0;
    %assign/v0 v0x20b6370_0, 0, 1;
    %ix/load 0, 1, 0;
    %assign/v0 v0x20b6190_0, 0, 0;
T_0.1 ;
    %jmp T_0;
    .thread T_0;
    .scope S_0x20b5d20;
T_1 ;
    %wait E_0x2073a40;
    %load/v 8, v0x20b5f50_0, 1;
    %mov 9, 0, 1;
    %cmpi/u 8, 0, 2;
    %jmp/0xz  T_1.0, 4;
    %ix/load 0, 1, 0;
    %assign/v0 v0x20b5ff0_0, 0, 0;
    %ix/load 0, 1, 0;
    %assign/v0 v0x20b5e10_0, 0, 1;
    %jmp T_1.1;
T_1.0 ;
    %ix/load 0, 1, 0;
    %assign/v0 v0x20b5ff0_0, 0, 1;
    %ix/load 0, 1, 0;
    %assign/v0 v0x20b5e10_0, 0, 0;
T_1.1 ;
    %jmp T_1;
    .thread T_1;
    .scope S_0x20b59a0;
T_2 ;
    %wait E_0x2073a40;
    %load/v 8, v0x20b5bd0_0, 1;
    %mov 9, 0, 1;
    %cmpi/u 8, 0, 2;
    %jmp/0xz  T_2.0, 4;
    %ix/load 0, 1, 0;
    %assign/v0 v0x20b5c70_0, 0, 0;
    %ix/load 0, 1, 0;
    %assign/v0 v0x20b5a90_0, 0, 1;
    %jmp T_2.1;
T_2.0 ;
    %ix/load 0, 1, 0;
    %assign/v0 v0x20b5c70_0, 0, 1;
    %ix/load 0, 1, 0;
    %assign/v0 v0x20b5a90_0, 0, 0;
T_2.1 ;
    %jmp T_2;
    .thread T_2;
    .scope S_0x20b5680;
T_3 ;
    %wait E_0x2073a40;
    %load/v 8, v0x20b5870_0, 1;
    %mov 9, 0, 1;
    %cmpi/u 8, 0, 2;
    %jmp/0xz  T_3.0, 4;
    %ix/load 0, 1, 0;
    %assign/v0 v0x20b58f0_0, 0, 0;
    %ix/load 0, 1, 0;
    %assign/v0 v0x20b5770_0, 0, 1;
    %jmp T_3.1;
T_3.0 ;
    %ix/load 0, 1, 0;
    %assign/v0 v0x20b58f0_0, 0, 1;
    %ix/load 0, 1, 0;
    %assign/v0 v0x20b5770_0, 0, 0;
T_3.1 ;
    %jmp T_3;
    .thread T_3;
    .scope S_0x20b52d0;
T_4 ;
    %wait E_0x2073a40;
    %load/v 8, v0x20b47a0_0, 1;
    %mov 9, 0, 1;
    %cmpi/u 8, 0, 2;
    %jmp/0xz  T_4.0, 4;
    %ix/load 0, 1, 0;
    %assign/v0 v0x20b55d0_0, 0, 0;
    %ix/load 0, 1, 0;
    %assign/v0 v0x20b53c0_0, 0, 1;
    %jmp T_4.1;
T_4.0 ;
    %ix/load 0, 1, 0;
    %assign/v0 v0x20b55d0_0, 0, 1;
    %ix/load 0, 1, 0;
    %assign/v0 v0x20b53c0_0, 0, 0;
T_4.1 ;
    %jmp T_4;
    .thread T_4;
    .scope S_0x20b4fb0;
T_5 ;
    %wait E_0x2073a40;
    %load/v 8, v0x20b51a0_0, 1;
    %mov 9, 0, 1;
    %cmpi/u 8, 0, 2;
    %jmp/0xz  T_5.0, 4;
    %ix/load 0, 1, 0;
    %assign/v0 v0x20b5220_0, 0, 0;
    %ix/load 0, 1, 0;
    %assign/v0 v0x20b50a0_0, 0, 1;
    %jmp T_5.1;
T_5.0 ;
    %ix/load 0, 1, 0;
    %assign/v0 v0x20b5220_0, 0, 1;
    %ix/load 0, 1, 0;
    %assign/v0 v0x20b50a0_0, 0, 0;
T_5.1 ;
    %jmp T_5;
    .thread T_5;
    .scope S_0x20b4cc0;
T_6 ;
    %wait E_0x2073a40;
    %load/v 8, v0x20b4eb0_0, 1;
    %mov 9, 0, 1;
    %cmpi/u 8, 0, 2;
    %jmp/0xz  T_6.0, 4;
    %ix/load 0, 1, 0;
    %assign/v0 v0x20b4f30_0, 0, 0;
    %ix/load 0, 1, 0;
    %assign/v0 v0x20b4db0_0, 0, 1;
    %jmp T_6.1;
T_6.0 ;
    %ix/load 0, 1, 0;
    %assign/v0 v0x20b4f30_0, 0, 1;
    %ix/load 0, 1, 0;
    %assign/v0 v0x20b4db0_0, 0, 0;
T_6.1 ;
    %jmp T_6;
    .thread T_6;
    .scope S_0x20b49d0;
T_7 ;
    %wait E_0x2073a40;
    %load/v 8, v0x20b4bc0_0, 1;
    %mov 9, 0, 1;
    %cmpi/u 8, 0, 2;
    %jmp/0xz  T_7.0, 4;
    %ix/load 0, 1, 0;
    %assign/v0 v0x20b4c40_0, 0, 0;
    %ix/load 0, 1, 0;
    %assign/v0 v0x20b4ac0_0, 0, 1;
    %jmp T_7.1;
T_7.0 ;
    %ix/load 0, 1, 0;
    %assign/v0 v0x20b4c40_0, 0, 1;
    %ix/load 0, 1, 0;
    %assign/v0 v0x20b4ac0_0, 0, 0;
T_7.1 ;
    %jmp T_7;
    .thread T_7;
    .scope S_0x20b34c0;
T_8 ;
    %set/v v0x20b3950_0, 0, 1;
    %set/v v0x20b35b0_0, 1, 1;
    %end;
    .thread T_8;
    .scope S_0x20b34c0;
T_9 ;
    %wait E_0x2073a40;
    %load/v 8, v0x20b3830_0, 1;
    %mov 9, 0, 1;
    %cmpi/u 8, 0, 2;
    %mov 8, 4, 1;
    %load/v 9, v0x20b38b0_0, 1;
    %mov 10, 0, 1;
    %cmpi/u 9, 0, 2;
    %mov 9, 4, 1;
    %and 8, 9, 1;
    %jmp/0xz  T_9.0, 8;
    %load/v 8, v0x20b3950_0, 1;
    %ix/load 0, 1, 0;
    %assign/v0 v0x20b3950_0, 0, 8;
    %load/v 8, v0x20b35b0_0, 1;
    %ix/load 0, 1, 0;
    %assign/v0 v0x20b35b0_0, 0, 8;
    %jmp T_9.1;
T_9.0 ;
    %load/v 8, v0x20b3830_0, 1;
    %mov 9, 0, 1;
    %cmpi/u 8, 0, 2;
    %mov 8, 4, 1;
    %load/v 9, v0x20b38b0_0, 1;
    %mov 10, 0, 2;
    %cmpi/u 9, 1, 3;
    %mov 9, 4, 1;
    %and 8, 9, 1;
    %jmp/0xz  T_9.2, 8;
    %ix/load 0, 1, 0;
    %assign/v0 v0x20b3950_0, 0, 0;
    %ix/load 0, 1, 0;
    %assign/v0 v0x20b35b0_0, 0, 1;
    %jmp T_9.3;
T_9.2 ;
    %load/v 8, v0x20b3830_0, 1;
    %mov 9, 0, 2;
    %cmpi/u 8, 1, 3;
    %mov 8, 4, 1;
    %load/v 9, v0x20b38b0_0, 1;
    %mov 10, 0, 1;
    %cmpi/u 9, 0, 2;
    %mov 9, 4, 1;
    %and 8, 9, 1;
    %jmp/0xz  T_9.4, 8;
    %ix/load 0, 1, 0;
    %assign/v0 v0x20b3950_0, 0, 1;
    %ix/load 0, 1, 0;
    %assign/v0 v0x20b35b0_0, 0, 0;
    %jmp T_9.5;
T_9.4 ;
    %load/v 8, v0x20b3950_0, 1;
    %inv 8, 1;
    %ix/load 0, 1, 0;
    %assign/v0 v0x20b3950_0, 0, 8;
    %load/v 8, v0x20b35b0_0, 1;
    %inv 8, 1;
    %ix/load 0, 1, 0;
    %assign/v0 v0x20b35b0_0, 0, 8;
T_9.5 ;
T_9.3 ;
T_9.1 ;
    %jmp T_9;
    .thread T_9;
    .scope S_0x20b2e50;
T_10 ;
    %set/v v0x20b3330_0, 0, 1;
    %set/v v0x20b2f40_0, 1, 1;
    %end;
    .thread T_10;
    .scope S_0x20b2e50;
T_11 ;
    %wait E_0x2073a40;
    %load/v 8, v0x20b3210_0, 1;
    %mov 9, 0, 1;
    %cmpi/u 8, 0, 2;
    %mov 8, 4, 1;
    %load/v 9, v0x20b3290_0, 1;
    %mov 10, 0, 1;
    %cmpi/u 9, 0, 2;
    %mov 9, 4, 1;
    %and 8, 9, 1;
    %jmp/0xz  T_11.0, 8;
    %load/v 8, v0x20b3330_0, 1;
    %ix/load 0, 1, 0;
    %assign/v0 v0x20b3330_0, 0, 8;
    %load/v 8, v0x20b2f40_0, 1;
    %ix/load 0, 1, 0;
    %assign/v0 v0x20b2f40_0, 0, 8;
    %jmp T_11.1;
T_11.0 ;
    %load/v 8, v0x20b3210_0, 1;
    %mov 9, 0, 1;
    %cmpi/u 8, 0, 2;
    %mov 8, 4, 1;
    %load/v 9, v0x20b3290_0, 1;
    %mov 10, 0, 2;
    %cmpi/u 9, 1, 3;
    %mov 9, 4, 1;
    %and 8, 9, 1;
    %jmp/0xz  T_11.2, 8;
    %ix/load 0, 1, 0;
    %assign/v0 v0x20b3330_0, 0, 0;
    %ix/load 0, 1, 0;
    %assign/v0 v0x20b2f40_0, 0, 1;
    %jmp T_11.3;
T_11.2 ;
    %load/v 8, v0x20b3210_0, 1;
    %mov 9, 0, 2;
    %cmpi/u 8, 1, 3;
    %mov 8, 4, 1;
    %load/v 9, v0x20b3290_0, 1;
    %mov 10, 0, 1;
    %cmpi/u 9, 0, 2;
    %mov 9, 4, 1;
    %and 8, 9, 1;
    %jmp/0xz  T_11.4, 8;
    %ix/load 0, 1, 0;
    %assign/v0 v0x20b3330_0, 0, 1;
    %ix/load 0, 1, 0;
    %assign/v0 v0x20b2f40_0, 0, 0;
    %jmp T_11.5;
T_11.4 ;
    %load/v 8, v0x20b3330_0, 1;
    %inv 8, 1;
    %ix/load 0, 1, 0;
    %assign/v0 v0x20b3330_0, 0, 8;
    %load/v 8, v0x20b2f40_0, 1;
    %inv 8, 1;
    %ix/load 0, 1, 0;
    %assign/v0 v0x20b2f40_0, 0, 8;
T_11.5 ;
T_11.3 ;
T_11.1 ;
    %jmp T_11;
    .thread T_11;
    .scope S_0x20b2820;
T_12 ;
    %set/v v0x20b2cc0_0, 0, 1;
    %set/v v0x20b2910_0, 1, 1;
    %end;
    .thread T_12;
    .scope S_0x20b2820;
T_13 ;
    %wait E_0x2073a40;
    %load/v 8, v0x20b2bc0_0, 1;
    %mov 9, 0, 1;
    %cmpi/u 8, 0, 2;
    %mov 8, 4, 1;
    %load/v 9, v0x20b2c40_0, 1;
    %mov 10, 0, 1;
    %cmpi/u 9, 0, 2;
    %mov 9, 4, 1;
    %and 8, 9, 1;
    %jmp/0xz  T_13.0, 8;
    %load/v 8, v0x20b2cc0_0, 1;
    %ix/load 0, 1, 0;
    %assign/v0 v0x20b2cc0_0, 0, 8;
    %load/v 8, v0x20b2910_0, 1;
    %ix/load 0, 1, 0;
    %assign/v0 v0x20b2910_0, 0, 8;
    %jmp T_13.1;
T_13.0 ;
    %load/v 8, v0x20b2bc0_0, 1;
    %mov 9, 0, 1;
    %cmpi/u 8, 0, 2;
    %mov 8, 4, 1;
    %load/v 9, v0x20b2c40_0, 1;
    %mov 10, 0, 2;
    %cmpi/u 9, 1, 3;
    %mov 9, 4, 1;
    %and 8, 9, 1;
    %jmp/0xz  T_13.2, 8;
    %ix/load 0, 1, 0;
    %assign/v0 v0x20b2cc0_0, 0, 0;
    %ix/load 0, 1, 0;
    %assign/v0 v0x20b2910_0, 0, 1;
    %jmp T_13.3;
T_13.2 ;
    %load/v 8, v0x20b2bc0_0, 1;
    %mov 9, 0, 2;
    %cmpi/u 8, 1, 3;
    %mov 8, 4, 1;
    %load/v 9, v0x20b2c40_0, 1;
    %mov 10, 0, 1;
    %cmpi/u 9, 0, 2;
    %mov 9, 4, 1;
    %and 8, 9, 1;
    %jmp/0xz  T_13.4, 8;
    %ix/load 0, 1, 0;
    %assign/v0 v0x20b2cc0_0, 0, 1;
    %ix/load 0, 1, 0;
    %assign/v0 v0x20b2910_0, 0, 0;
    %jmp T_13.5;
T_13.4 ;
    %load/v 8, v0x20b2cc0_0, 1;
    %inv 8, 1;
    %ix/load 0, 1, 0;
    %assign/v0 v0x20b2cc0_0, 0, 8;
    %load/v 8, v0x20b2910_0, 1;
    %inv 8, 1;
    %ix/load 0, 1, 0;
    %assign/v0 v0x20b2910_0, 0, 8;
T_13.5 ;
T_13.3 ;
T_13.1 ;
    %jmp T_13;
    .thread T_13;
    .scope S_0x207ab60;
T_14 ;
    %set/v v0x20b2690_0, 0, 1;
    %set/v v0x207e990_0, 1, 1;
    %end;
    .thread T_14;
    .scope S_0x207ab60;
T_15 ;
    %wait E_0x2073a40;
    %load/v 8, v0x20b2510_0, 1;
    %mov 9, 0, 1;
    %cmpi/u 8, 0, 2;
    %mov 8, 4, 1;
    %load/v 9, v0x20b25b0_0, 1;
    %mov 10, 0, 1;
    %cmpi/u 9, 0, 2;
    %mov 9, 4, 1;
    %and 8, 9, 1;
    %jmp/0xz  T_15.0, 8;
    %load/v 8, v0x20b2690_0, 1;
    %ix/load 0, 1, 0;
    %assign/v0 v0x20b2690_0, 0, 8;
    %load/v 8, v0x207e990_0, 1;
    %ix/load 0, 1, 0;
    %assign/v0 v0x207e990_0, 0, 8;
    %jmp T_15.1;
T_15.0 ;
    %load/v 8, v0x20b2510_0, 1;
    %mov 9, 0, 1;
    %cmpi/u 8, 0, 2;
    %mov 8, 4, 1;
    %load/v 9, v0x20b25b0_0, 1;
    %mov 10, 0, 2;
    %cmpi/u 9, 1, 3;
    %mov 9, 4, 1;
    %and 8, 9, 1;
    %jmp/0xz  T_15.2, 8;
    %ix/load 0, 1, 0;
    %assign/v0 v0x20b2690_0, 0, 0;
    %ix/load 0, 1, 0;
    %assign/v0 v0x207e990_0, 0, 1;
    %jmp T_15.3;
T_15.2 ;
    %load/v 8, v0x20b2510_0, 1;
    %mov 9, 0, 2;
    %cmpi/u 8, 1, 3;
    %mov 8, 4, 1;
    %load/v 9, v0x20b25b0_0, 1;
    %mov 10, 0, 1;
    %cmpi/u 9, 0, 2;
    %mov 9, 4, 1;
    %and 8, 9, 1;
    %jmp/0xz  T_15.4, 8;
    %ix/load 0, 1, 0;
    %assign/v0 v0x20b2690_0, 0, 1;
    %ix/load 0, 1, 0;
    %assign/v0 v0x207e990_0, 0, 0;
    %jmp T_15.5;
T_15.4 ;
    %load/v 8, v0x20b2690_0, 1;
    %inv 8, 1;
    %ix/load 0, 1, 0;
    %assign/v0 v0x20b2690_0, 0, 8;
    %load/v 8, v0x207e990_0, 1;
    %inv 8, 1;
    %ix/load 0, 1, 0;
    %assign/v0 v0x207e990_0, 0, 8;
T_15.5 ;
T_15.3 ;
T_15.1 ;
    %jmp T_15;
    .thread T_15;
    .scope S_0x20744a0;
T_16 ;
    %wait E_0x2073a40;
    %load/v 8, v0x20b4480_0, 1;
    %inv 8, 1;
    %load/v 9, v0x20b45b0_0, 1;
    %and 8, 9, 1;
    %load/v 9, v0x20b4660_0, 1;
    %and 8, 9, 1;
    %load/v 9, v0x20b4830_0, 1;
    %and 8, 9, 1;
    %set/v v0x20b4950_0, 8, 1;
    %jmp T_16;
    .thread T_16;
# The file index is used to find the file name in the following table.
:file_names 3;
    "N/A";
    "<interactive>";
    "DecoderDataFlow.v";
